
show_result run, resetIndex = True
Database not empty, current index = 0

The current row (as a dict) is: {'SMILES': 'O=C(Cl)c1ccncc1', 'name': 'isonicotinoyl chloride', 'mp': 156.0, 'mpEnd': 160.0, 'Q_dsc': 520.0, 'Qunits': 'J g⁻¹', 'onsetT': 225.0, 'initT': 420.0, 'proj': 'RepTest', 'MW': 141.557, 'molForm': 'C6H4ClNO', 'eleComp': '6C, 4H, Cl, N, O', 'HEG': 0, 'HEG_list': '[]', 'EFG': 0, 'EFG_list': '[]', 'RoS_val': -6, 'RoS_des': ' <b>(Not Explosive)</b>', 'OB_val': -146.93727615024338, 'OB_des': '<b>(Medium Risk)</b>', 'IS_val': -0.1281445298829684, 'IS_des': ' <b>(Not Impact Sensitive)</b>', 'EP_val': -0.2313818809886529, 'EP_des': ' <b>(Should Not Propagate)</b>', 'Td24': 248.0, 'oreo': 9, 'oreoSmallScale_val': 10, 'oreoSmallScale_des': 'Low Hazard', 'oreoTensScale_val': 11, 'oreoTensScale_des': 'Low Hazard', 'oreoHundsScale_val': 13, 'oreoHundsScale_des': 'Low Hazard', 'oreoLargeScale_val': 17, 'oreoLargeScale_des': 'Low Hazard', 'IUPAC_name': nan, 'CAS_no': nan, 'yoshidaMethod': 'Pfizer', 'dataFolder': './_core/UserAddedData/C6H4ClNO_21-Feb-2024_15-13-12', 'hammerDrop': 'Not Performed', 'friction': 'Not Performed'}
oreohazardlimit: High Hazard
oreohazardwarningscale: <5 g
{'SMILES': 'O=C(Cl)c1ccncc1', 'name': 'isonicotinoyl chloride', 'mp': 156.0, 'mpEnd': 160.0, 'Q_dsc': 520.0, 'Qunits': 'J g⁻¹', 'onsetT': 225.0, 'initT': 420.0, 'proj': 'RepTest', 'MW': 141.557, 'molForm': 'C6H4ClNO', 'eleComp': '6C, 4H, Cl, N, O', 'HEG': 0, 'HEG_list': '[]', 'EFG': 0, 'EFG_list': '[]', 'RoS_val': -6, 'RoS_des': ' <b>(Not Explosive)</b>', 'OB_val': -146.93727615024338, 'OB_des': '<b>(Medium Risk)</b>', 'IS_val': -0.1281445298829684, 'IS_des': ' <b>(Not Impact Sensitive)</b>', 'EP_val': -0.2313818809886529, 'EP_des': ' <b>(Should Not Propagate)</b>', 'Td24': 248.0, 'oreo': 9, 'oreoSmallScale_val': 10, 'oreoSmallScale_des': 'Low Hazard', 'oreoTensScale_val': 11, 'oreoTensScale_des': 'Low Hazard', 'oreoHundsScale_val': 13, 'oreoHundsScale_des': 'Low Hazard', 'oreoLargeScale_val': 17, 'oreoLargeScale_des': 'Low Hazard', 'IUPAC_name': '', 'CAS_no': '', 'yoshidaMethod': 'Pfizer', 'dataFolder': './_core/UserAddedData/C6H4ClNO_21-Feb-2024_15-13-12', 'hammerDrop': 'Not Performed', 'friction': 'Not Performed'}



<PyQt5.QtGui.QColor object at 0x0000022FC91738B0>
<PyQt5.QtGui.QColor object at 0x0000022FC9494510>
<PyQt5.QtGui.QColor object at 0x0000022FC9494740>
<PyQt5.QtGui.QColor object at 0x0000022FC94947B0>
oreohazardlimit: High Hazard
oreohazardwarningscale: <5 g
| OREOS | EFG: 0 -> OREOS SubTotal: 1
| OREOS | RoS:  <b>(Not Explosive)</b> -> OREOS SubTotal: 3
| OREOS | OB: <b>(Medium Risk)</b> -> OREOS SubTotal: 7
Onset Temperature given as 225.0
| OREOS | Tonset: 225.0 -> OREOS SubTotal: 9
['Low Hazard', 'Low Hazard', 'Low Hazard', 'Low Hazard']
Tinit given as 420.0
T_D24 =248.0
Qdsc given as 520.0 J g⁻¹
124.28298279158699
IS = -0.12814452988296843
EP = -0.23138188098865298
<PyQt5.QtGui.QColor object at 0x0000022FC94947B0>
<PyQt5.QtGui.QColor object at 0x0000022FC9494970>
<PyQt5.QtGui.QColor object at 0x0000022FC9494B30>
<PyQt5.QtGui.QColor object at 0x0000022FC9494820>
oreohazardlimit: High Hazard
oreohazardwarningscale: <5 g
{'SMILES': 'O=C(Cl)c1ccncc1', 'name': 'isonicotinoyl chloride', 'mp': '156.0', 'mpEnd': '160.0', 'Q_dsc': '520.0', 'Qunits': 'J g⁻¹', 'onsetT': '225.0', 'initT': '420.0', 'proj': 'RepTest', 'hammerDrop': 'Not Performed', 'friction': 'Not Performed', 'MW': '141.557', 'molForm': 'C6H4ClNO', 'eleComp': '6C, 4H, Cl, N, O', 'HEG': '0', 'HEG_list': '[]', 'EFG': '0', 'EFG_list': '[]', 'RoS_val': '-6', 'RoS_des': ' <b>(Not Explosive)</b>', 'OB_val': '-146.93727615024338', 'OB_des': '<b>(Medium Risk)</b>', 'IS_val': '-0.12814452988296843', 'IS_des': ' <b>(Not Impact Sensitive)</b>', 'EP_val': '-0.23138188098865298', 'EP_des': ' <b>(Should Not Propagate)</b>', 'Td24': '248.0', 'oreo': '9', 'oreoSmallScale_val': '10', 'oreoSmallScale_des': 'Low Hazard', 'oreoTensScale_val': '11', 'oreoTensScale_des': 'Low Hazard', 'oreoHundsScale_val': '13', 'oreoHundsScale_des': 'Low Hazard', 'oreoLargeScale_val': '17', 'oreoLargeScale_des': 'Low Hazard', 'IUPAC_name': '', 'CAS_no': '', 'mol': '<rdkit.Chem.rdchem.Mol object at 0x0000022FC9494900>', 'molPixmap': 'None', 'molIMG': 'None', 'mwStr': '141.56', 'obStr': '-146.94', 'isStr': '-0.13', 'epStr': '-0.23', 'eleList': "[('C', '6'), ('H', '4'), ('Cl', ''), ('N', ''), ('O', '')]", 'Catoms': '6', 'Hatoms': '4', 'Oatoms': '1', 'yoshidaMethod': 'Pfizer', 'dataFolder': './_core/UserAddedData/C6H4ClNO_21-Feb-2024_15-13-12'}
            SMILES                    name     mp  mpEnd  ... Hatoms Oatoms yoshidaMethod                                         dataFolder
0  O=C(Cl)c1ccncc1  isonicotinoyl chloride  156.0  160.0  ...      4      1        Pfizer  ./_core/UserAddedData/C6H4ClNO_21-Feb-2024_15-...

[1 rows x 51 columns]
                          SMILES                    name     mp  ... CAS_no yoshidaMethod                                         dataFolder
O=C(Cl)c1ccncc1  O=C(Cl)c1ccncc1  isonicotinoyl chloride  156.0  ...               Pfizer  ./_core/UserAddedData/C6H4ClNO_21-Feb-2024_15-...

[1 rows x 40 columns]




found
[0]
./_core/UserAddedData/C6H4ClNO_21-Feb-2024_15-13-12
                                                                                               SMILES  ...       friction
SMILES                                                                                                 ...               
O=C(Cl)c1ccncc1                                                                       O=C(Cl)c1ccncc1  ...  Not Performed
Clc1nn[nH]n1                                                                             Clc1nn[nH]n1  ...  Not Performed
BrC1=NC(Br)=NN1 |c:4,t:1|                                                   BrC1=NC(Br)=NN1 |c:4,t:1|  ...  Not Performed
CN1N=C(Br)N=C1Br |c:5,t:2|                                                 CN1N=C(Br)N=C1Br |c:5,t:2|  ...  Not Performed
CN1N=C(Br)N=C1NC1=CC=C(Cl)C(F)=C1 |c:5,15,t:2,9...  CN1N=C(Br)N=C1NC1=CC=C(Cl)C(F)=C1 |c:5,15,t:2,...  ...  Not Performed

[5 rows x 40 columns]


thermalDexMolecule(SMILES='O=C(Cl)c1ccncc1', name='isonicotinoyl chloride', mp='156.0', mpEnd='160.0', Q_dsc=520.0, Qunits='J g⁻¹', onsetT=225.0, initT=420.0, proj='RepTest', hammerDrop='Not Performed', friction='Not Performed', MW=141.557, molForm='C6H4ClNO', eleComp='6C, 4H, Cl, N, O', HEG=0, HEG_list=[], EFG=0, EFG_list=[], RoS_val=-6, RoS_des=' <b>(Not Explosive)</b>', OB_val=-146.93727615024338, OB_des='<b>(Medium Risk)</b>', IS_val=-0.12814452988296843, IS_des=' <b>(Not Impact Sensitive)</b>', EP_val=-0.23138188098865298, EP_des=' <b>(Should Not Propagate)</b>', Td24=248.0, oreo=9, oreoSmallScale_val=10, oreoSmallScale_des='Low Hazard', oreoTensScale_val=11, oreoTensScale_des='Low Hazard', oreoHundsScale_val=13, oreoHundsScale_des='Low Hazard', oreoLargeScale_val=17, oreoLargeScale_des='Low Hazard', IUPAC_name='', CAS_no='', mol=<rdkit.Chem.rdchem.Mol object at 0x0000022FC9173A70>, molPixmap=None, molIMG=None, mwStr='141.56', obStr='-146.94', isStr='-0.13', epStr='-0.23', eleList=[('C', '6'), ('H', '4'), ('Cl', ''), ('N', ''), ('O', '')], Catoms=6, Hatoms=4, Oatoms=1, yoshidaMethod='Pfizer', dataFolder='./_core/UserAddedData/C6H4ClNO_21-Feb-2024_15-13-12')





./_core/UserAddedData/C6H4ClNO_21-Feb-2024_15-13-12
[]


O=C(Cl)c1ccncc1


